app/build/outputs/logs/manifest-merger-debug-report.txt
-- Merging decision tree log ---
manifest
ADDED from src\main\AndroidManifest.xml:2:1-1023:12
	package
		ADDED from src\main\AndroidManifest.xml:3:5-30
		INJECTED from src\main\AndroidManifest.xml
		INJECTED from src\main\AndroidManifest.xml
	android:versionName
		ADDED from src\main\AndroidManifest.xml:5:5-32
		INJECTED from src\main\AndroidManifest.xml
		INJECTED from src\main\AndroidManifest.xml
	android:versionCode
		ADDED from src\main\AndroidManifest.xml:4:5-31
		INJECTED from src\main\AndroidManifest.xml
		INJECTED from src\main\AndroidManifest.xml
	xmlns:android
		ADDED from src\main\AndroidManifest.xml:2:11-69
supports-screens
ADDED from src\main\AndroidManifest.xml:7:5-12:39
	android:largeScreens
		ADDED from src\main\AndroidManifest.xml:9:9-36
	android:smallScreens
		ADDED from src\main\AndroidManifest.xml:12:9-36
	android:normalScreens
		ADDED from src\main\AndroidManifest.xml:10:9-37
	android:resizeable
		ADDED from src\main\AndroidManifest.xml:11:9-34
	android:anyDensity
		ADDED from src\main\AndroidManifest.xml:8:9-34
uses-sdk
ADDED from src\main\AndroidManifest.xml:14:5-16:41
MERGED from [com.android.support:support-v4:21.0.3] AndroidManifest.xml:15:5-42
	android:targetSdkVersion
		ADDED from src\main\AndroidManifest.xml:16:9-38
		INJECTED from src\main\AndroidManifest.xml
		INJECTED from src\main\AndroidManifest.xml
	android:minSdkVersion
		ADDED from src\main\AndroidManifest.xml:15:9-35
		INJECTED from src\main\AndroidManifest.xml
		INJECTED from src\main\AndroidManifest.xml
application
ADDED from src\main\AndroidManifest.xml:18:5-903:19
MERGED from [com.android.support:support-v4:21.0.3] AndroidManifest.xml:16:5-19
	android:label
		ADDED from src\main\AndroidManifest.xml:22:9-41
	android:allowBackup
		ADDED from src\main\AndroidManifest.xml:20:9-35
	android:icon
		ADDED from src\main\AndroidManifest.xml:21:9-38
	android:largeHeap
		ADDED from src\main\AndroidManifest.xml:23:9-33
	android:persistent
		ADDED from src\main\AndroidManifest.xml:24:9-34
	android:theme
		ADDED from src\main\AndroidManifest.xml:25:9-62
	android:name
		ADDED from src\main\AndroidManifest.xml:19:9-37
meta-data#com.baidu.lbsapi.API_KEY
ADDED from src\main\AndroidManifest.xml:30:9-32:64
	android:value
		ADDED from src\main\AndroidManifest.xml:32:13-61
	android:name
		ADDED from src\main\AndroidManifest.xml:31:13-52
activity#com.haotang.pet.FlashActivity
ADDED from src\main\AndroidManifest.xml:34:9-53:20
	android:screenOrientation
		ADDED from src\main\AndroidManifest.xml:39:13-49
	android:label
		ADDED from src\main\AndroidManifest.xml:37:13-45
	android:launchMode
		ADDED from src\main\AndroidManifest.xml:38:13-43
	android:exported
		ADDED from src\main\AndroidManifest.xml:36:13-36
	android:theme
		ADDED from src\main\AndroidManifest.xml:40:13-60
	android:name
		ADDED from src\main\AndroidManifest.xml:35:13-42
intent-filter#android.intent.action.MAIN+android.intent.category.LAUNCHER
ADDED from src\main\AndroidManifest.xml:41:13-45:29
	android:priority
		ADDED from src\main\AndroidManifest.xml:41:28-51
action#android.intent.action.MAIN
ADDED from src\main\AndroidManifest.xml:42:17-69
	android:name
		ADDED from src\main\AndroidManifest.xml:42:25-66
category#android.intent.category.LAUNCHER
ADDED from src\main\AndroidManifest.xml:44:17-77
	android:name
		ADDED from src\main\AndroidManifest.xml:44:27-74
intent-filter#android.intent.action.VIEW+android.intent.category.DEFAULT
ADDED from src\main\AndroidManifest.xml:46:13-52:29
action#android.intent.action.VIEW
ADDED from src\main\AndroidManifest.xml:47:17-69
	android:name
		ADDED from src\main\AndroidManifest.xml:47:25-66
category#android.intent.category.DEFAULT
ADDED from src\main\AndroidManifest.xml:49:17-76
	android:name
		ADDED from src\main\AndroidManifest.xml:49:27-73
data
ADDED from src\main\AndroidManifest.xml:51:17-61
	android:scheme
		ADDED from src\main\AndroidManifest.xml:51:23-58
activity#com.haotang.pet.ChoosePetActivity
ADDED from src\main\AndroidManifest.xml:54:9-58:85
	android:screenOrientation
		ADDED from src\main\AndroidManifest.xml:56:13-49
	android:windowSoftInputMode
		ADDED from src\main\AndroidManifest.xml:58:13-82
	android:theme
		ADDED from src\main\AndroidManifest.xml:57:13-60
	android:name
		ADDED from src\main\AndroidManifest.xml:55:13-46
activity#com.haotang.pet.LoginActivity
ADDED from src\main\AndroidManifest.xml:59:9-63:64
	android:screenOrientation
		ADDED from src\main\AndroidManifest.xml:61:13-49
	android:windowSoftInputMode
		ADDED from src\main\AndroidManifest.xml:63:13-61
	android:theme
		ADDED from src\main\AndroidManifest.xml:62:13-60
	android:name
		ADDED from src\main\AndroidManifest.xml:60:13-42
activity#com.haotang.pet.CitysActivity
ADDED from src\main\AndroidManifest.xml:64:9-67:63
	android:screenOrientation
		ADDED from src\main\AndroidManifest.xml:66:13-49
	android:theme
		ADDED from src\main\AndroidManifest.xml:67:13-60
	android:name
		ADDED from src\main\AndroidManifest.xml:65:13-42
activity#com.haotang.pet.CommonAddressActivity
ADDED from src\main\AndroidManifest.xml:68:9-71:63
	android:screenOrientation
		ADDED from src\main\AndroidManifest.xml:70:13-49
	android:theme
		ADDED from src\main\AndroidManifest.xml:71:13-60
	android:name
		ADDED from src\main\AndroidManifest.xml:69:13-50
activity#com.haotang.pet.ServiceAddressSearch
ADDED from src\main\AndroidManifest.xml:72:9-76:75
	android:screenOrientation
		ADDED from src\main\AndroidManifest.xml:74:13-49
	android:windowSoftInputMode
		ADDED from src\main\AndroidManifest.xml:76:13-72
	android:theme
		ADDED from src\main\AndroidManifest.xml:75:13-60
	android:name
		ADDED from src\main\AndroidManifest.xml:73:13-49
activity#com.haotang.pet.SelectTimeActivityNew
ADDED from src\main\AndroidManifest.xml:77:9-80:63
	android:screenOrientation
		ADDED from src\main\AndroidManifest.xml:79:13-49
	android:theme
		ADDED from src\main\AndroidManifest.xml:80:13-60
	android:name
		ADDED from src\main\AndroidManifest.xml:78:13-50
activity#com.haotang.pet.OrderDetailActivity
ADDED from src\main\AndroidManifest.xml:81:9-84:63
	android:screenOrientation
		ADDED from src\main\AndroidManifest.xml:83:13-49
	android:theme
		ADDED from src\main\AndroidManifest.xml:84:13-60
	android:name
		ADDED from src\main\AndroidManifest.xml:82:13-48
activity#com.haotang.pet.NoteActivity
ADDED from src\main\AndroidManifest.xml:85:9-88:63
	android:screenOrientation
		ADDED from src\main\AndroidManifest.xml:87:13-49
	android:theme
		ADDED from src\main\AndroidManifest.xml:88:13-60
	android:name
		ADDED from src\main\AndroidManifest.xml:86:13-41
activity#com.haotang.pet.AvailableCouponActivity
ADDED from src\main\AndroidManifest.xml:89:9-92:63
	android:screenOrientation
		ADDED from src\main\AndroidManifest.xml:91:13-49
	android:theme
		ADDED from src\main\AndroidManifest.xml:92:13-60
	android:name
		ADDED from src\main\AndroidManifest.xml:90:13-52
activity#com.haotang.pet.ServiceActivity
ADDED from src\main\AndroidManifest.xml:93:9-96:63
	android:screenOrientation
		ADDED from src\main\AndroidManifest.xml:95:13-49
	android:theme
		ADDED from src\main\AndroidManifest.xml:96:13-60
	android:name
		ADDED from src\main\AndroidManifest.xml:94:13-44
activity#com.haotang.pet.AddServiceAddressActivity
ADDED from src\main\AndroidManifest.xml:97:9-100:63
	android:screenOrientation
		ADDED from src\main\AndroidManifest.xml:99:13-49
	android:theme
		ADDED from src\main\AndroidManifest.xml:100:13-60
	android:name
		ADDED from src\main\AndroidManifest.xml:98:13-54
activity#com.haotang.pet.ChangeAccountActivity
ADDED from src\main\AndroidManifest.xml:101:9-104:63
	android:screenOrientation
		ADDED from src\main\AndroidManifest.xml:103:13-49
	android:theme
		ADDED from src\main\AndroidManifest.xml:104:13-60
	android:name
		ADDED from src\main\AndroidManifest.xml:102:13-50
activity#com.haotang.pet.MyCouponActivity
ADDED from src\main\AndroidManifest.xml:105:9-109:75
	android:screenOrientation
		ADDED from src\main\AndroidManifest.xml:107:13-49
	android:windowSoftInputMode
		ADDED from src\main\AndroidManifest.xml:109:13-72
	android:theme
		ADDED from src\main\AndroidManifest.xml:108:13-60
	android:name
		ADDED from src\main\AndroidManifest.xml:106:13-45
activity#com.haotang.pet.EvaluateActivity
ADDED from src\main\AndroidManifest.xml:110:9-114:73
	android:screenOrientation
		ADDED from src\main\AndroidManifest.xml:112:13-49
	android:windowSoftInputMode
		ADDED from src\main\AndroidManifest.xml:114:13-70
	android:theme
		ADDED from src\main\AndroidManifest.xml:113:13-60
	android:name
		ADDED from src\main\AndroidManifest.xml:111:13-45
activity#com.haotang.pet.ImgShow
ADDED from src\main\AndroidManifest.xml:117:9-120:63
	android:screenOrientation
		ADDED from src\main\AndroidManifest.xml:119:13-49
	android:theme
		ADDED from src\main\AndroidManifest.xml:120:13-60
	android:name
		ADDED from src\main\AndroidManifest.xml:118:13-36
activity#com.haotang.pet.ContactActivity
ADDED from src\main\AndroidManifest.xml:121:9-124:63
	android:screenOrientation
		ADDED from src\main\AndroidManifest.xml:123:13-49
	android:theme
		ADDED from src\main\AndroidManifest.xml:124:13-60
	android:name
		ADDED from src\main\AndroidManifest.xml:122:13-44
activity#com.haotang.pet.BeauticianListActivity
ADDED from src\main\AndroidManifest.xml:125:9-128:63
	android:screenOrientation
		ADDED from src\main\AndroidManifest.xml:127:13-49
	android:theme
		ADDED from src\main\AndroidManifest.xml:128:13-60
	android:name
		ADDED from src\main\AndroidManifest.xml:126:13-51
activity#com.haotang.pet.BeauticianDetailActivity
ADDED from src\main\AndroidManifest.xml:129:9-132:63
	android:screenOrientation
		ADDED from src\main\AndroidManifest.xml:131:13-49
	android:theme
		ADDED from src\main\AndroidManifest.xml:132:13-60
	android:name
		ADDED from src\main\AndroidManifest.xml:130:13-53
activity#com.haotang.pet.PaySuccessActivity
ADDED from src\main\AndroidManifest.xml:133:9-136:63
	android:screenOrientation
		ADDED from src\main\AndroidManifest.xml:135:13-49
	android:theme
		ADDED from src\main\AndroidManifest.xml:136:13-60
	android:name
		ADDED from src\main\AndroidManifest.xml:134:13-47
activity#com.haotang.pet.OrderDetailFromOrderActivity
ADDED from src\main\AndroidManifest.xml:137:9-140:63
	android:screenOrientation
		ADDED from src\main\AndroidManifest.xml:139:13-49
	android:theme
		ADDED from src\main\AndroidManifest.xml:140:13-60
	android:name
		ADDED from src\main\AndroidManifest.xml:138:13-57
activity#com.haotang.pet.OrderDetailFromOrderToConfirmActivity
ADDED from src\main\AndroidManifest.xml:141:9-144:63
	android:screenOrientation
		ADDED from src\main\AndroidManifest.xml:143:13-49
	android:theme
		ADDED from src\main\AndroidManifest.xml:144:13-60
	android:name
		ADDED from src\main\AndroidManifest.xml:142:13-66
activity#com.haotang.pet.EvaluateOverActivity
ADDED from src\main\AndroidManifest.xml:145:9-148:63
	android:screenOrientation
		ADDED from src\main\AndroidManifest.xml:147:13-49
	android:theme
		ADDED from src\main\AndroidManifest.xml:148:13-60
	android:name
		ADDED from src\main\AndroidManifest.xml:146:13-49
activity#com.haotang.pet.BeauticianProductuonActivity
ADDED from src\main\AndroidManifest.xml:149:9-152:63
	android:screenOrientation
		ADDED from src\main\AndroidManifest.xml:151:13-49
	android:theme
		ADDED from src\main\AndroidManifest.xml:152:13-60
	android:name
		ADDED from src\main\AndroidManifest.xml:150:13-57
activity#com.haotang.pet.BeauticianProductionDetailActivity
ADDED from src\main\AndroidManifest.xml:153:9-156:63
	android:screenOrientation
		ADDED from src\main\AndroidManifest.xml:155:13-49
	android:theme
		ADDED from src\main\AndroidManifest.xml:156:13-60
	android:name
		ADDED from src\main\AndroidManifest.xml:154:13-63
activity#com.haotang.pet.BeauticianCommentsListActivity
ADDED from src\main\AndroidManifest.xml:157:9-160:63
	android:screenOrientation
		ADDED from src\main\AndroidManifest.xml:159:13-49
	android:theme
		ADDED from src\main\AndroidManifest.xml:160:13-60
	android:name
		ADDED from src\main\AndroidManifest.xml:158:13-59
activity#com.haotang.pet.FeedBackActivity
ADDED from src\main\AndroidManifest.xml:161:9-165:67
	android:screenOrientation
		ADDED from src\main\AndroidManifest.xml:163:13-49
	android:windowSoftInputMode
		ADDED from src\main\AndroidManifest.xml:165:13-64
	android:theme
		ADDED from src\main\AndroidManifest.xml:164:13-60
	android:name
		ADDED from src\main\AndroidManifest.xml:162:13-45
activity#com.haotang.pet.MoreAboutActivity
ADDED from src\main\AndroidManifest.xml:166:9-169:63
	android:screenOrientation
		ADDED from src\main\AndroidManifest.xml:168:13-49
	android:theme
		ADDED from src\main\AndroidManifest.xml:169:13-60
	android:name
		ADDED from src\main\AndroidManifest.xml:167:13-46
activity#com.haotang.pet.AboutUsMessageActivity
ADDED from src\main\AndroidManifest.xml:170:9-173:63
	android:screenOrientation
		ADDED from src\main\AndroidManifest.xml:172:13-49
	android:theme
		ADDED from src\main\AndroidManifest.xml:173:13-60
	android:name
		ADDED from src\main\AndroidManifest.xml:171:13-51
activity#com.haotang.pet.MainActivity
ADDED from src\main\AndroidManifest.xml:174:9-177:63
	android:screenOrientation
		ADDED from src\main\AndroidManifest.xml:176:13-49
	android:theme
		ADDED from src\main\AndroidManifest.xml:177:13-60
	android:name
		ADDED from src\main\AndroidManifest.xml:175:13-41
activity#com.haotang.pet.KnowledgeDetailActivity
ADDED from src\main\AndroidManifest.xml:178:9-181:63
	android:screenOrientation
		ADDED from src\main\AndroidManifest.xml:180:13-49
	android:theme
		ADDED from src\main\AndroidManifest.xml:181:13-60
	android:name
		ADDED from src\main\AndroidManifest.xml:179:13-52
activity#com.haotang.pet.ADActivity
ADDED from src\main\AndroidManifest.xml:182:9-188:58
	android:screenOrientation
		ADDED from src\main\AndroidManifest.xml:187:13-49
	android:label
		ADDED from src\main\AndroidManifest.xml:186:13-45
	android:hardwareAccelerated
		ADDED from src\main\AndroidManifest.xml:185:13-47
	android:windowSoftInputMode
		ADDED from src\main\AndroidManifest.xml:188:13-55
	android:configChanges
		ADDED from src\main\AndroidManifest.xml:184:13-63
	android:name
		ADDED from src\main\AndroidManifest.xml:183:13-39
activity#com.haotang.pet.GuideActivity
ADDED from src\main\AndroidManifest.xml:189:9-192:63
	android:screenOrientation
		ADDED from src\main\AndroidManifest.xml:191:13-49
	android:theme
		ADDED from src\main\AndroidManifest.xml:192:13-60
	android:name
		ADDED from src\main\AndroidManifest.xml:190:13-42
activity#com.haotang.pet.AgreementActivity
ADDED from src\main\AndroidManifest.xml:193:9-196:63
	android:screenOrientation
		ADDED from src\main\AndroidManifest.xml:195:13-49
	android:theme
		ADDED from src\main\AndroidManifest.xml:196:13-60
	android:name
		ADDED from src\main\AndroidManifest.xml:194:13-46
activity#com.haotang.pet.BeauticianCommonPicActivity
ADDED from src\main\AndroidManifest.xml:197:9-200:63
	android:screenOrientation
		ADDED from src\main\AndroidManifest.xml:199:13-49
	android:theme
		ADDED from src\main\AndroidManifest.xml:200:13-60
	android:name
		ADDED from src\main\AndroidManifest.xml:198:13-56
activity#com.haotang.pet.CharacteristicServiceActivity
ADDED from src\main\AndroidManifest.xml:201:9-204:63
	android:screenOrientation
		ADDED from src\main\AndroidManifest.xml:203:13-49
	android:theme
		ADDED from src\main\AndroidManifest.xml:204:13-60
	android:name
		ADDED from src\main\AndroidManifest.xml:202:13-58
activity#com.haotang.pet.MyLastMoney
ADDED from src\main\AndroidManifest.xml:205:9-208:63
	android:screenOrientation
		ADDED from src\main\AndroidManifest.xml:207:13-49
	android:theme
		ADDED from src\main\AndroidManifest.xml:208:13-60
	android:name
		ADDED from src\main\AndroidManifest.xml:206:13-40
activity#com.haotang.pet.BalanceRecord
ADDED from src\main\AndroidManifest.xml:209:9-212:63
	android:screenOrientation
		ADDED from src\main\AndroidManifest.xml:211:13-49
	android:theme
		ADDED from src\main\AndroidManifest.xml:212:13-60
	android:name
		ADDED from src\main\AndroidManifest.xml:210:13-42
activity#com.haotang.pet.RechargePage
ADDED from src\main\AndroidManifest.xml:213:9-217:57
	android:screenOrientation
		ADDED from src\main\AndroidManifest.xml:215:13-49
	android:windowSoftInputMode
		ADDED from src\main\AndroidManifest.xml:217:13-54
	android:theme
		ADDED from src\main\AndroidManifest.xml:216:13-60
	android:name
		ADDED from src\main\AndroidManifest.xml:214:13-41
activity#com.haotang.pet.BalanceRecordDetail
ADDED from src\main\AndroidManifest.xml:218:9-221:63
	android:screenOrientation
		ADDED from src\main\AndroidManifest.xml:220:13-49
	android:theme
		ADDED from src\main\AndroidManifest.xml:221:13-60
	android:name
		ADDED from src\main\AndroidManifest.xml:219:13-48
activity#com.haotang.pet.AppointmentActivity
ADDED from src\main\AndroidManifest.xml:222:9-225:63
	android:screenOrientation
		ADDED from src\main\AndroidManifest.xml:224:13-49
	android:theme
		ADDED from src\main\AndroidManifest.xml:225:13-60
	android:name
		ADDED from src\main\AndroidManifest.xml:223:13-48
activity#com.haotang.pet.KnowledgeActivity
ADDED from src\main\AndroidManifest.xml:226:9-229:63
	android:screenOrientation
		ADDED from src\main\AndroidManifest.xml:228:13-49
	android:theme
		ADDED from src\main\AndroidManifest.xml:229:13-60
	android:name
		ADDED from src\main\AndroidManifest.xml:227:13-46
activity#com.haotang.pet.GoHomeDetailActivity
ADDED from src\main\AndroidManifest.xml:230:9-233:63
	android:screenOrientation
		ADDED from src\main\AndroidManifest.xml:232:13-49
	android:theme
		ADDED from src\main\AndroidManifest.xml:233:13-60
	android:name
		ADDED from src\main\AndroidManifest.xml:231:13-49
activity#com.haotang.pet.GoShopDetailActivity
ADDED from src\main\AndroidManifest.xml:234:9-237:63
	android:screenOrientation
		ADDED from src\main\AndroidManifest.xml:236:13-49
	android:theme
		ADDED from src\main\AndroidManifest.xml:237:13-60
	android:name
		ADDED from src\main\AndroidManifest.xml:235:13-49
activity#com.haotang.pet.MyTimeOutCouponActivity
ADDED from src\main\AndroidManifest.xml:238:9-241:63
	android:screenOrientation
		ADDED from src\main\AndroidManifest.xml:240:13-49
	android:theme
		ADDED from src\main\AndroidManifest.xml:241:13-60
	android:name
		ADDED from src\main\AndroidManifest.xml:239:13-52
activity#com.haotang.pet.UpgradeServiceActivity
ADDED from src\main\AndroidManifest.xml:242:9-245:63
	android:screenOrientation
		ADDED from src\main\AndroidManifest.xml:244:13-49
	android:theme
		ADDED from src\main\AndroidManifest.xml:245:13-60
	android:name
		ADDED from src\main\AndroidManifest.xml:243:13-51
activity#com.haotang.pet.GiftActivity
ADDED from src\main\AndroidManifest.xml:246:9-249:64
	android:screenOrientation
		ADDED from src\main\AndroidManifest.xml:248:13-49
	android:theme
		ADDED from src\main\AndroidManifest.xml:249:13-61
	android:name
		ADDED from src\main\AndroidManifest.xml:247:13-41
activity#com.haotang.pet.FostercareRoomDetailActivity
ADDED from src\main\AndroidManifest.xml:250:9-253:64
	android:screenOrientation
		ADDED from src\main\AndroidManifest.xml:252:13-49
	android:theme
		ADDED from src\main\AndroidManifest.xml:253:13-61
	android:name
		ADDED from src\main\AndroidManifest.xml:251:13-57
activity#com.haotang.pet.ShopListActivity
ADDED from src\main\AndroidManifest.xml:254:9-257:63
	android:screenOrientation
		ADDED from src\main\AndroidManifest.xml:256:13-49
	android:theme
		ADDED from src\main\AndroidManifest.xml:257:13-60
	android:name
		ADDED from src\main\AndroidManifest.xml:255:13-45
activity#com.haotang.pet.FostercareAppointmentActivity
ADDED from src\main\AndroidManifest.xml:258:9-261:63
	android:screenOrientation
		ADDED from src\main\AndroidManifest.xml:260:13-49
	android:theme
		ADDED from src\main\AndroidManifest.xml:261:13-60
	android:name
		ADDED from src\main\AndroidManifest.xml:259:13-58
activity#com.haotang.pet.FostercareOrderConfirmActivity
ADDED from src\main\AndroidManifest.xml:262:9-265:63
	android:screenOrientation
		ADDED from src\main\AndroidManifest.xml:264:13-49
	android:theme
		ADDED from src\main\AndroidManifest.xml:265:13-60
	android:name
		ADDED from src\main\AndroidManifest.xml:263:13-59
activity#com.haotang.pet.FostercareDateActivity
ADDED from src\main\AndroidManifest.xml:266:9-269:63
	android:screenOrientation
		ADDED from src\main\AndroidManifest.xml:268:13-49
	android:theme
		ADDED from src\main\AndroidManifest.xml:269:13-60
	android:name
		ADDED from src\main\AndroidManifest.xml:267:13-51
activity#com.haotang.pet.FostercareChooseroomActivity
ADDED from src\main\AndroidManifest.xml:270:9-273:63
	android:screenOrientation
		ADDED from src\main\AndroidManifest.xml:272:13-49
	android:theme
		ADDED from src\main\AndroidManifest.xml:273:13-60
	android:name
		ADDED from src\main\AndroidManifest.xml:271:13-57
activity#com.haotang.pet.FostercarePaysuccessActivity
ADDED from src\main\AndroidManifest.xml:274:9-277:63
	android:screenOrientation
		ADDED from src\main\AndroidManifest.xml:276:13-49
	android:theme
		ADDED from src\main\AndroidManifest.xml:277:13-60
	android:name
		ADDED from src\main\AndroidManifest.xml:275:13-57
activity#com.haotang.pet.OverburdenActivity
ADDED from src\main\AndroidManifest.xml:278:9-281:64
	android:screenOrientation
		ADDED from src\main\AndroidManifest.xml:280:13-49
	android:theme
		ADDED from src\main\AndroidManifest.xml:281:13-61
	android:name
		ADDED from src\main\AndroidManifest.xml:279:13-47
activity#com.haotang.pet.AppointmentTimeGuideActivity
ADDED from src\main\AndroidManifest.xml:282:9-285:64
	android:screenOrientation
		ADDED from src\main\AndroidManifest.xml:284:13-49
	android:theme
		ADDED from src\main\AndroidManifest.xml:285:13-61
	android:name
		ADDED from src\main\AndroidManifest.xml:283:13-57
activity#com.haotang.pet.PetDateSelecterActivity
ADDED from src\main\AndroidManifest.xml:286:9-289:64
	android:screenOrientation
		ADDED from src\main\AndroidManifest.xml:288:13-49
	android:theme
		ADDED from src\main\AndroidManifest.xml:289:13-61
	android:name
		ADDED from src\main\AndroidManifest.xml:287:13-52
activity#com.haotang.pet.OrderFosterDetailActivity
ADDED from src\main\AndroidManifest.xml:290:9-293:63
	android:screenOrientation
		ADDED from src\main\AndroidManifest.xml:292:13-49
	android:theme
		ADDED from src\main\AndroidManifest.xml:293:13-60
	android:name
		ADDED from src\main\AndroidManifest.xml:291:13-54
activity#com.haotang.pet.ShopH5DetailActivity
ADDED from src\main\AndroidManifest.xml:294:9-297:63
	android:screenOrientation
		ADDED from src\main\AndroidManifest.xml:296:13-49
	android:theme
		ADDED from src\main\AndroidManifest.xml:297:13-60
	android:name
		ADDED from src\main\AndroidManifest.xml:295:13-49
activity#com.haotang.pet.PetAddActivity
ADDED from src\main\AndroidManifest.xml:298:9-301:63
	android:screenOrientation
		ADDED from src\main\AndroidManifest.xml:300:13-49
	android:theme
		ADDED from src\main\AndroidManifest.xml:301:13-60
	android:name
		ADDED from src\main\AndroidManifest.xml:299:13-43
activity#com.haotang.pet.PetInfoActivity
ADDED from src\main\AndroidManifest.xml:302:9-305:63
	android:screenOrientation
		ADDED from src\main\AndroidManifest.xml:304:13-49
	android:theme
		ADDED from src\main\AndroidManifest.xml:305:13-60
	android:name
		ADDED from src\main\AndroidManifest.xml:303:13-44
activity#com.haotang.pet.ChoosePetActivityNew
ADDED from src\main\AndroidManifest.xml:306:9-310:67
	android:screenOrientation
		ADDED from src\main\AndroidManifest.xml:308:13-49
	android:windowSoftInputMode
		ADDED from src\main\AndroidManifest.xml:310:13-64
	android:theme
		ADDED from src\main\AndroidManifest.xml:309:13-60
	android:name
		ADDED from src\main\AndroidManifest.xml:307:13-49
activity#com.haotang.pet.FostercareShopListActivity
ADDED from src\main\AndroidManifest.xml:311:9-314:63
	android:screenOrientation
		ADDED from src\main\AndroidManifest.xml:313:13-49
	android:theme
		ADDED from src\main\AndroidManifest.xml:314:13-60
	android:name
		ADDED from src\main\AndroidManifest.xml:312:13-55
activity#com.haotang.pet.PickupHintActivity
ADDED from src\main\AndroidManifest.xml:315:9-318:64
	android:screenOrientation
		ADDED from src\main\AndroidManifest.xml:317:13-49
	android:theme
		ADDED from src\main\AndroidManifest.xml:318:13-61
	android:name
		ADDED from src\main\AndroidManifest.xml:316:13-47
activity#com.haotang.pet.CharactServiceItemActivity
ADDED from src\main\AndroidManifest.xml:319:9-322:63
	android:screenOrientation
		ADDED from src\main\AndroidManifest.xml:321:13-49
	android:theme
		ADDED from src\main\AndroidManifest.xml:322:13-60
	android:name
		ADDED from src\main\AndroidManifest.xml:320:13-55
activity#com.haotang.pet.MulPetAddServiceActivity
ADDED from src\main\AndroidManifest.xml:323:9-326:63
	android:screenOrientation
		ADDED from src\main\AndroidManifest.xml:325:13-49
	android:theme
		ADDED from src\main\AndroidManifest.xml:326:13-60
	android:name
		ADDED from src\main\AndroidManifest.xml:324:13-53
activity#com.haotang.pet.OrderPayActivity
ADDED from src\main\AndroidManifest.xml:327:9-330:63
	android:screenOrientation
		ADDED from src\main\AndroidManifest.xml:329:13-49
	android:theme
		ADDED from src\main\AndroidManifest.xml:330:13-60
	android:name
		ADDED from src\main\AndroidManifest.xml:328:13-45
activity#com.haotang.pet.OrderListShowAddMyPet
ADDED from src\main\AndroidManifest.xml:331:9-334:64
	android:screenOrientation
		ADDED from src\main\AndroidManifest.xml:333:13-49
	android:theme
		ADDED from src\main\AndroidManifest.xml:334:13-61
	android:name
		ADDED from src\main\AndroidManifest.xml:332:13-50
activity#com.haotang.pet.MainToList
ADDED from src\main\AndroidManifest.xml:335:9-338:63
	android:screenOrientation
		ADDED from src\main\AndroidManifest.xml:337:13-49
	android:theme
		ADDED from src\main\AndroidManifest.xml:338:13-60
	android:name
		ADDED from src\main\AndroidManifest.xml:336:13-39
activity#com.haotang.pet.JointWorkShopDetail
ADDED from src\main\AndroidManifest.xml:339:9-342:63
	android:screenOrientation
		ADDED from src\main\AndroidManifest.xml:341:13-49
	android:theme
		ADDED from src\main\AndroidManifest.xml:342:13-60
	android:name
		ADDED from src\main\AndroidManifest.xml:340:13-48
activity#com.haotang.pet.ShopLocationActivity
ADDED from src\main\AndroidManifest.xml:343:9-346:63
	android:screenOrientation
		ADDED from src\main\AndroidManifest.xml:345:13-49
	android:theme
		ADDED from src\main\AndroidManifest.xml:346:13-60
	android:name
		ADDED from src\main\AndroidManifest.xml:344:13-49
activity#com.haotang.pet.ServiceFeature
ADDED from src\main\AndroidManifest.xml:347:9-350:63
	android:screenOrientation
		ADDED from src\main\AndroidManifest.xml:349:13-49
	android:theme
		ADDED from src\main\AndroidManifest.xml:350:13-60
	android:name
		ADDED from src\main\AndroidManifest.xml:348:13-43
activity#com.haotang.pet.SelectTimeDialogActivity
ADDED from src\main\AndroidManifest.xml:351:9-354:64
	android:screenOrientation
		ADDED from src\main\AndroidManifest.xml:353:13-49
	android:theme
		ADDED from src\main\AndroidManifest.xml:354:13-61
	android:name
		ADDED from src\main\AndroidManifest.xml:352:13-53
activity#com.haotang.pet.MainToBeauList
ADDED from src\main\AndroidManifest.xml:355:9-358:63
	android:screenOrientation
		ADDED from src\main\AndroidManifest.xml:357:13-49
	android:theme
		ADDED from src\main\AndroidManifest.xml:358:13-60
	android:name
		ADDED from src\main\AndroidManifest.xml:356:13-43
activity#com.haotang.pet.BeauToAppointmentActivity
ADDED from src\main\AndroidManifest.xml:359:9-362:64
	android:screenOrientation
		ADDED from src\main\AndroidManifest.xml:361:13-49
	android:theme
		ADDED from src\main\AndroidManifest.xml:362:13-61
	android:name
		ADDED from src\main\AndroidManifest.xml:360:13-54
activity#com.haotang.pet.ServiceAreaActivity
ADDED from src\main\AndroidManifest.xml:363:9-367:20
	android:screenOrientation
		ADDED from src\main\AndroidManifest.xml:366:13-49
	android:label
		ADDED from src\main\AndroidManifest.xml:365:13-64
	android:name
		ADDED from src\main\AndroidManifest.xml:364:13-48
activity#com.haotang.pet.SelectServiceAreaActivity
ADDED from src\main\AndroidManifest.xml:368:9-373:20
	android:screenOrientation
		ADDED from src\main\AndroidManifest.xml:371:13-49
	android:label
		ADDED from src\main\AndroidManifest.xml:370:13-71
	android:windowSoftInputMode
		ADDED from src\main\AndroidManifest.xml:372:13-73
	android:name
		ADDED from src\main\AndroidManifest.xml:369:13-54
activity#com.haotang.pet.SerchBeauActivity
ADDED from src\main\AndroidManifest.xml:374:9-379:20
	android:screenOrientation
		ADDED from src\main\AndroidManifest.xml:377:13-49
	android:label
		ADDED from src\main\AndroidManifest.xml:376:13-62
	android:windowSoftInputMode
		ADDED from src\main\AndroidManifest.xml:378:13-68
	android:name
		ADDED from src\main\AndroidManifest.xml:375:13-46
activity#com.haotang.pet.PetDataServiceActivity
ADDED from src\main\AndroidManifest.xml:380:9-385:20
	android:screenOrientation
		ADDED from src\main\AndroidManifest.xml:383:13-49
	android:label
		ADDED from src\main\AndroidManifest.xml:382:13-62
	android:theme
		ADDED from src\main\AndroidManifest.xml:384:13-61
	android:name
		ADDED from src\main\AndroidManifest.xml:381:13-51
activity#com.haotang.pet.SwimDetailActivity
ADDED from src\main\AndroidManifest.xml:386:9-390:20
	android:screenOrientation
		ADDED from src\main\AndroidManifest.xml:389:13-49
	android:label
		ADDED from src\main\AndroidManifest.xml:388:13-62
	android:name
		ADDED from src\main\AndroidManifest.xml:387:13-47
activity#com.haotang.pet.SwimAppointmentActivity
ADDED from src\main\AndroidManifest.xml:391:9-395:20
	android:screenOrientation
		ADDED from src\main\AndroidManifest.xml:394:13-49
	android:label
		ADDED from src\main\AndroidManifest.xml:393:13-62
	android:name
		ADDED from src\main\AndroidManifest.xml:392:13-52
activity#com.haotang.pet.SelectTimeOrUrgentActivity
ADDED from src\main\AndroidManifest.xml:396:9-400:20
	android:screenOrientation